2023-1-22 20:49:50 - wpop_rcp_discounts table upgrade to 202003311 successful.
2023-1-22 20:49:50 - wpop_rcp_discounts table upgrade to 202003312 successful.
2023-1-22 20:49:50 - wpop_rcp_discounts table upgrade to 202003313 successful.
2023-1-22 20:50:13 - Starting rcp_check_for_expired_users() cron job.
2023-1-22 20:50:13 - Starting rcp_check_for_soon_to_expire_users() cron job.
2023-1-22 20:50:13 - Starting rcp_check_member_counts() cron job.
2023-1-22 20:50:13 - Starting rcp_mark_abandoned_payments() cron job.
2023-1-22 21:37:26 - wpop_rcp_discounts table upgrade to 202003311 successful.
2023-1-22 21:37:26 - wpop_rcp_discounts table upgrade to 202003312 successful.
2023-1-22 21:37:26 - wpop_rcp_discounts table upgrade to 202003313 successful.
2023-1-22 21:48:05 - wpop_rcp_discounts table upgrade to 202003311 successful.
2023-1-22 21:48:05 - wpop_rcp_discounts table upgrade to 202003312 successful.
2023-1-22 21:48:05 - wpop_rcp_discounts table upgrade to 202003313 successful.
2023-1-22 21:48:25 - Starting rcp_check_for_expired_users() cron job.
2023-1-22 21:48:25 - Starting rcp_check_for_soon_to_expire_users() cron job.
2023-1-23 21:18:14 - Starting rcp_check_member_counts() cron job.
2023-1-23 21:18:14 - Starting rcp_mark_abandoned_payments() cron job.
2023-1-23 22:37:46 - Starting rcp_check_for_expired_users() cron job.
2023-1-23 22:37:46 - Starting rcp_check_for_soon_to_expire_users() cron job.
2023-1-24 20:50:15 - Starting rcp_check_member_counts() cron job.
2023-1-24 20:50:15 - Starting rcp_mark_abandoned_payments() cron job.
2023-1-24 21:48:30 - Starting rcp_check_for_expired_users() cron job.
2023-1-24 21:48:30 - Starting rcp_check_for_soon_to_expire_users() cron job.
2023-1-25 21:16:32 - Starting rcp_check_member_counts() cron job.
2023-1-25 21:16:32 - Starting rcp_mark_abandoned_payments() cron job.
2023-1-25 23:22:19 - Starting rcp_check_for_expired_users() cron job.
2023-1-25 23:22:19 - Starting rcp_check_for_soon_to_expire_users() cron job.
2023-1-26 21:06:21 - Starting rcp_check_member_counts() cron job.
2023-1-26 21:06:21 - Starting rcp_mark_abandoned_payments() cron job.
2023-1-26 22:51:09 - Starting rcp_check_for_expired_users() cron job.
2023-1-26 22:51:09 - Starting rcp_check_for_soon_to_expire_users() cron job.
2023-1-27 22:04:19 - Starting rcp_check_member_counts() cron job.
2023-1-27 22:04:19 - Starting rcp_mark_abandoned_payments() cron job.
2023-1-27 22:04:19 - Starting rcp_check_for_expired_users() cron job.
2023-1-27 22:04:19 - Starting rcp_check_for_soon_to_expire_users() cron job.
2023-1-28 23:09:34 - Starting rcp_check_member_counts() cron job.
2023-1-28 23:09:34 - Starting rcp_mark_abandoned_payments() cron job.
2023-1-28 23:09:34 - Starting rcp_check_for_expired_users() cron job.
2023-1-28 23:09:34 - Starting rcp_check_for_soon_to_expire_users() cron job.
2023-1-29 23:23:26 - Starting rcp_check_member_counts() cron job.
2023-1-29 23:23:26 - Starting rcp_mark_abandoned_payments() cron job.
2023-1-29 23:23:26 - Starting rcp_check_for_expired_users() cron job.
2023-1-29 23:23:26 - Starting rcp_check_for_soon_to_expire_users() cron job.
2023-1-30 20:55:29 - Starting rcp_check_member_counts() cron job.
2023-1-30 20:55:29 - Starting rcp_mark_abandoned_payments() cron job.
2023-1-30 22:21:40 - Starting rcp_check_for_expired_users() cron job.
2023-1-30 22:21:40 - Starting rcp_check_for_soon_to_expire_users() cron job.
2023-1-31 21:21:16 - Starting rcp_check_member_counts() cron job.
2023-1-31 21:21:16 - Starting rcp_mark_abandoned_payments() cron job.
2023-1-31 22:07:03 - Starting rcp_check_for_expired_users() cron job.
2023-1-31 22:07:03 - Starting rcp_check_for_soon_to_expire_users() cron job.
2023-2-01 21:32:04 - Starting rcp_check_member_counts() cron job.
2023-2-01 21:32:04 - Starting rcp_mark_abandoned_payments() cron job.
2023-2-01 21:51:02 - Starting rcp_check_for_expired_users() cron job.
2023-2-01 21:51:02 - Starting rcp_check_for_soon_to_expire_users() cron job.
2023-2-02 21:15:01 - Starting rcp_check_member_counts() cron job.
2023-2-02 21:15:01 - Starting rcp_mark_abandoned_payments() cron job.
2023-2-02 22:42:52 - Starting rcp_check_for_expired_users() cron job.
2023-2-02 22:42:52 - Starting rcp_check_for_soon_to_expire_users() cron job.
2023-2-03 21:30:26 - Starting rcp_check_member_counts() cron job.
2023-2-03 21:30:26 - Starting rcp_mark_abandoned_payments() cron job.
2023-2-03 22:33:19 - Starting rcp_check_for_expired_users() cron job.
2023-2-03 22:33:19 - Starting rcp_check_for_soon_to_expire_users() cron job.
2023-2-04 20:55:10 - Starting rcp_check_member_counts() cron job.
2023-2-04 20:55:10 - Starting rcp_mark_abandoned_payments() cron job.
2023-2-05 00:50:57 - Starting rcp_check_for_expired_users() cron job.
2023-2-05 00:50:57 - Starting rcp_check_for_soon_to_expire_users() cron job.
2023-2-05 21:22:32 - Starting rcp_check_member_counts() cron job.
2023-2-05 21:22:32 - Starting rcp_mark_abandoned_payments() cron job.
2023-2-06 03:16:39 - Starting rcp_check_for_expired_users() cron job.
2023-2-06 03:16:39 - Starting rcp_check_for_expired_users() cron job.
2023-2-06 03:16:39 - Starting rcp_check_for_soon_to_expire_users() cron job.
2023-2-06 03:16:39 - Starting rcp_check_for_soon_to_expire_users() cron job.
2023-2-06 22:00:51 - Starting rcp_check_member_counts() cron job.
2023-2-06 22:00:51 - Starting rcp_mark_abandoned_payments() cron job.
2023-2-06 22:00:51 - Starting rcp_check_for_expired_users() cron job.
2023-2-06 22:00:51 - Starting rcp_check_for_soon_to_expire_users() cron job.
2023-2-07 21:09:07 - Starting rcp_check_member_counts() cron job.
2023-2-07 21:09:07 - Starting rcp_mark_abandoned_payments() cron job.
2023-2-07 22:02:58 - Starting rcp_check_for_expired_users() cron job.
2023-2-07 22:02:58 - Starting rcp_check_for_soon_to_expire_users() cron job.
2023-2-08 21:31:14 - Starting rcp_check_member_counts() cron job.
2023-2-08 21:31:14 - Starting rcp_mark_abandoned_payments() cron job.
2023-2-08 21:50:35 - Starting rcp_check_for_expired_users() cron job.
2023-2-08 21:50:35 - Starting rcp_check_for_soon_to_expire_users() cron job.
2023-2-09 21:14:48 - Starting rcp_check_member_counts() cron job.
2023-2-09 21:14:49 - Starting rcp_mark_abandoned_payments() cron job.
2023-2-09 23:00:31 - Starting rcp_check_for_expired_users() cron job.
2023-2-09 23:00:31 - Starting rcp_check_for_soon_to_expire_users() cron job.
2023-2-10 21:05:01 - Starting rcp_check_member_counts() cron job.
2023-2-10 21:05:01 - Starting rcp_mark_abandoned_payments() cron job.
2023-2-11 16:19:21 - Starting rcp_check_for_expired_users() cron job.
2023-2-11 16:19:21 - Starting rcp_check_for_soon_to_expire_users() cron job.
2023-2-11 21:07:10 - Starting rcp_check_member_counts() cron job.
2023-2-11 21:07:10 - Starting rcp_mark_abandoned_payments() cron job.
2023-2-12 06:25:41 - Starting rcp_check_for_expired_users() cron job.
2023-2-12 06:25:41 - Starting rcp_check_for_soon_to_expire_users() cron job.
2023-2-12 22:05:58 - Starting rcp_check_member_counts() cron job.
2023-2-12 22:05:58 - Starting rcp_mark_abandoned_payments() cron job.
2023-2-12 22:05:58 - Starting rcp_check_for_expired_users() cron job.
2023-2-12 22:05:58 - Starting rcp_check_for_soon_to_expire_users() cron job.
2023-2-14 02:50:14 - Starting rcp_check_member_counts() cron job.
2023-2-14 02:50:14 - Starting rcp_mark_abandoned_payments() cron job.
2023-2-14 02:50:14 - Starting rcp_check_for_expired_users() cron job.
2023-2-14 02:50:14 - Starting rcp_check_for_soon_to_expire_users() cron job.
2023-2-14 21:08:56 - Starting rcp_check_member_counts() cron job.
2023-2-14 21:08:56 - Exiting rcp_check_member_counts() - counts have already been added today.
2023-2-14 21:08:56 - Starting rcp_mark_abandoned_payments() cron job.
2023-2-15 04:10:42 - Starting rcp_check_for_expired_users() cron job.
2023-2-15 04:10:42 - Starting rcp_check_for_soon_to_expire_users() cron job.
2023-2-15 21:42:15 - Starting rcp_check_member_counts() cron job.
2023-2-15 21:42:15 - Starting rcp_mark_abandoned_payments() cron job.
2023-2-15 21:50:18 - Starting rcp_check_for_expired_users() cron job.
2023-2-15 21:50:18 - Starting rcp_check_for_soon_to_expire_users() cron job.
2023-2-16 21:16:55 - Starting rcp_check_member_counts() cron job.
2023-2-16 21:16:55 - Starting rcp_mark_abandoned_payments() cron job.
2023-2-17 05:13:14 - Starting rcp_check_for_expired_users() cron job.
2023-2-17 05:13:14 - Starting rcp_check_for_soon_to_expire_users() cron job.
2023-2-17 21:17:13 - Starting rcp_check_member_counts() cron job.
2023-2-17 21:17:13 - Starting rcp_mark_abandoned_payments() cron job.
2023-2-18 00:27:20 - Starting rcp_check_for_expired_users() cron job.
2023-2-18 00:27:20 - Starting rcp_check_for_soon_to_expire_users() cron job.
2023-2-18 21:23:30 - Starting rcp_check_member_counts() cron job.
2023-2-18 21:23:30 - Starting rcp_mark_abandoned_payments() cron job.
2023-2-19 00:43:19 - Starting rcp_check_for_expired_users() cron job.
2023-2-19 00:43:19 - Starting rcp_check_for_soon_to_expire_users() cron job.
2023-2-19 21:21:04 - Starting rcp_check_member_counts() cron job.
2023-2-19 21:21:04 - Starting rcp_mark_abandoned_payments() cron job.
2023-2-19 22:58:45 - Starting rcp_check_for_expired_users() cron job.
2023-2-19 22:58:45 - Starting rcp_check_for_soon_to_expire_users() cron job.
2023-2-20 21:27:52 - Starting rcp_check_member_counts() cron job.
2023-2-20 21:27:52 - Starting rcp_mark_abandoned_payments() cron job.
2023-2-21 02:05:17 - Starting rcp_check_for_expired_users() cron job.
2023-2-21 02:05:17 - Starting rcp_check_for_soon_to_expire_users() cron job.
2023-2-21 21:56:01 - Starting rcp_check_member_counts() cron job.
2023-2-21 21:56:02 - Starting rcp_mark_abandoned_payments() cron job.
2023-2-21 21:56:02 - Starting rcp_check_for_expired_users() cron job.
2023-2-21 21:56:02 - Starting rcp_check_for_soon_to_expire_users() cron job.
2023-2-22 21:05:49 - Starting rcp_check_member_counts() cron job.
2023-2-22 21:05:49 - Starting rcp_mark_abandoned_payments() cron job.
2023-2-22 23:12:19 - Starting rcp_check_for_expired_users() cron job.
2023-2-22 23:12:19 - Starting rcp_check_for_soon_to_expire_users() cron job.
2023-2-23 21:41:55 - Starting rcp_check_member_counts() cron job.
2023-2-23 21:41:55 - Starting rcp_mark_abandoned_payments() cron job.
2023-2-23 21:55:34 - Starting rcp_check_for_expired_users() cron job.
2023-2-23 21:55:34 - Starting rcp_check_for_soon_to_expire_users() cron job.
2023-2-24 21:26:04 - Starting rcp_check_member_counts() cron job.
2023-2-24 21:26:04 - Starting rcp_mark_abandoned_payments() cron job.
2023-2-25 00:32:46 - Starting rcp_check_for_expired_users() cron job.
2023-2-25 00:32:46 - Starting rcp_check_for_soon_to_expire_users() cron job.
2023-2-26 07:29:17 - Starting rcp_check_member_counts() cron job.
2023-2-26 07:29:17 - Starting rcp_mark_abandoned_payments() cron job.
2023-2-26 07:29:17 - Starting rcp_check_for_expired_users() cron job.
2023-2-26 07:29:17 - Starting rcp_check_for_soon_to_expire_users() cron job.
2023-2-26 21:24:53 - Starting rcp_check_member_counts() cron job.
2023-2-26 21:24:53 - Exiting rcp_check_member_counts() - counts have already been added today.
2023-2-26 21:24:53 - Starting rcp_mark_abandoned_payments() cron job.
2023-2-26 21:57:51 - Starting rcp_check_for_expired_users() cron job.
2023-2-26 21:57:51 - Starting rcp_check_for_soon_to_expire_users() cron job.
2023-2-27 21:34:11 - Starting rcp_check_member_counts() cron job.
2023-2-27 21:34:11 - Starting rcp_mark_abandoned_payments() cron job.
2023-2-28 06:17:32 - Starting rcp_check_for_expired_users() cron job.
2023-2-28 06:17:32 - Starting rcp_check_for_soon_to_expire_users() cron job.
2023-2-28 20:50:15 - Starting rcp_check_member_counts() cron job.
2023-2-28 20:50:15 - Starting rcp_mark_abandoned_payments() cron job.
2023-2-28 21:48:30 - Starting rcp_check_for_expired_users() cron job.
2023-2-28 21:48:30 - Starting rcp_check_for_soon_to_expire_users() cron job.
2023-3-01 21:18:19 - Starting rcp_check_member_counts() cron job.
2023-3-01 21:18:19 - Starting rcp_mark_abandoned_payments() cron job.
2023-3-01 22:11:26 - Starting rcp_check_for_expired_users() cron job.
2023-3-01 22:11:26 - Starting rcp_check_for_soon_to_expire_users() cron job.
2023-3-02 21:09:22 - Starting rcp_check_member_counts() cron job.
2023-3-02 21:09:22 - Starting rcp_mark_abandoned_payments() cron job.
2023-3-02 22:00:56 - Starting rcp_check_for_expired_users() cron job.
2023-3-02 22:00:56 - Starting rcp_check_for_soon_to_expire_users() cron job.
2023-3-03 21:34:27 - Starting rcp_check_member_counts() cron job.
2023-3-03 21:34:27 - Starting rcp_mark_abandoned_payments() cron job.
2023-3-04 00:37:02 - Starting rcp_check_for_expired_users() cron job.
2023-3-04 00:37:02 - Starting rcp_check_for_soon_to_expire_users() cron job.
2023-3-04 21:29:26 - Starting rcp_check_member_counts() cron job.
2023-3-04 21:29:26 - Starting rcp_mark_abandoned_payments() cron job.
2023-3-04 23:51:16 - Starting rcp_check_for_expired_users() cron job.
2023-3-04 23:51:16 - Starting rcp_check_for_soon_to_expire_users() cron job.
2023-3-05 21:05:31 - Starting rcp_check_member_counts() cron job.
2023-3-05 21:05:31 - Starting rcp_mark_abandoned_payments() cron job.
2023-3-06 03:48:32 - Starting rcp_check_for_expired_users() cron job.
2023-3-06 03:48:32 - Starting rcp_check_for_soon_to_expire_users() cron job.
2023-3-06 21:44:47 - Starting rcp_check_member_counts() cron job.
2023-3-06 21:44:47 - Starting rcp_mark_abandoned_payments() cron job.
2023-3-06 22:48:11 - Starting rcp_check_for_expired_users() cron job.
2023-3-06 22:48:11 - Starting rcp_check_for_soon_to_expire_users() cron job.
2023-3-07 20:55:00 - Starting rcp_check_member_counts() cron job.
2023-3-07 20:55:00 - Starting rcp_mark_abandoned_payments() cron job.
2023-3-07 22:12:10 - Starting rcp_check_for_expired_users() cron job.
2023-3-07 22:12:10 - Starting rcp_check_for_soon_to_expire_users() cron job.
2023-3-08 23:00:33 - Starting rcp_check_member_counts() cron job.
2023-3-08 23:00:33 - Starting rcp_mark_abandoned_payments() cron job.
2023-3-08 23:00:33 - Starting rcp_check_for_expired_users() cron job.
2023-3-08 23:00:33 - Starting rcp_check_for_soon_to_expire_users() cron job.
2023-3-09 22:16:21 - Starting rcp_check_member_counts() cron job.
2023-3-09 22:16:21 - Starting rcp_mark_abandoned_payments() cron job.
2023-3-09 22:16:21 - Starting rcp_check_for_expired_users() cron job.
2023-3-09 22:16:21 - Starting rcp_check_for_soon_to_expire_users() cron job.
2023-3-10 21:01:51 - Starting rcp_check_member_counts() cron job.
2023-3-10 21:01:51 - Starting rcp_mark_abandoned_payments() cron job.
2023-3-10 23:40:05 - Starting rcp_check_for_expired_users() cron job.
2023-3-10 23:40:05 - Starting rcp_check_for_soon_to_expire_users() cron job.
2023-3-11 21:25:48 - Starting rcp_check_member_counts() cron job.
2023-3-11 21:25:49 - Starting rcp_mark_abandoned_payments() cron job.
2023-3-11 22:05:36 - Starting rcp_check_for_expired_users() cron job.
2023-3-11 22:05:36 - Starting rcp_check_for_soon_to_expire_users() cron job.
2023-3-12 21:10:53 - Starting rcp_check_member_counts() cron job.
2023-3-12 21:10:53 - Starting rcp_mark_abandoned_payments() cron job.
2023-3-13 02:21:12 - Starting rcp_check_for_expired_users() cron job.
2023-3-13 02:21:12 - Starting rcp_check_for_soon_to_expire_users() cron job.
2023-3-13 21:19:45 - Starting rcp_check_member_counts() cron job.
2023-3-13 21:19:45 - Starting rcp_mark_abandoned_payments() cron job.
2023-3-14 02:37:28 - Starting rcp_check_for_expired_users() cron job.
2023-3-14 02:37:28 - Starting rcp_check_for_soon_to_expire_users() cron job.
2023-3-14 21:23:17 - Starting rcp_check_member_counts() cron job.
2023-3-14 21:23:17 - Starting rcp_mark_abandoned_payments() cron job.
2023-3-14 22:05:42 - Starting rcp_check_for_expired_users() cron job.
2023-3-14 22:05:42 - Starting rcp_check_for_soon_to_expire_users() cron job.
2023-3-15 21:26:30 - Starting rcp_check_member_counts() cron job.
2023-3-15 21:26:31 - Starting rcp_mark_abandoned_payments() cron job.
2023-3-15 22:22:25 - Starting rcp_check_for_expired_users() cron job.
2023-3-15 22:22:25 - Starting rcp_check_for_soon_to_expire_users() cron job.
2023-3-16 21:00:29 - Starting rcp_check_member_counts() cron job.
2023-3-16 21:00:29 - Starting rcp_mark_abandoned_payments() cron job.
2023-3-16 21:50:14 - Starting rcp_check_for_expired_users() cron job.
2023-3-16 21:50:14 - Starting rcp_check_for_soon_to_expire_users() cron job.
2023-3-17 21:30:11 - Starting rcp_check_member_counts() cron job.
2023-3-17 21:30:11 - Starting rcp_mark_abandoned_payments() cron job.
2023-3-17 21:53:04 - Starting rcp_check_for_expired_users() cron job.
2023-3-17 21:53:04 - Starting rcp_check_for_soon_to_expire_users() cron job.
2023-3-18 21:21:31 - Starting rcp_check_member_counts() cron job.
2023-3-18 21:21:31 - Starting rcp_mark_abandoned_payments() cron job.
2023-3-18 23:21:17 - Starting rcp_check_for_expired_users() cron job.
2023-3-18 23:21:17 - Starting rcp_check_for_soon_to_expire_users() cron job.
2023-3-19 20:51:33 - Starting rcp_check_member_counts() cron job.
2023-3-19 20:51:33 - Starting rcp_mark_abandoned_payments() cron job.
2023-3-19 22:06:26 - Starting rcp_check_for_expired_users() cron job.
2023-3-19 22:06:26 - Starting rcp_check_for_soon_to_expire_users() cron job.
2023-3-20 21:30:24 - Starting rcp_check_member_counts() cron job.
2023-3-20 21:30:24 - Starting rcp_mark_abandoned_payments() cron job.
2023-3-20 21:56:36 - Starting rcp_check_for_expired_users() cron job.
2023-3-20 21:56:36 - Starting rcp_check_for_soon_to_expire_users() cron job.
2023-3-21 21:48:09 - Starting rcp_check_member_counts() cron job.
2023-3-21 21:48:09 - Starting rcp_mark_abandoned_payments() cron job.
2023-3-21 21:55:25 - Starting rcp_check_for_expired_users() cron job.
2023-3-21 21:55:25 - Starting rcp_check_for_soon_to_expire_users() cron job.
2023-3-22 20:52:23 - Starting rcp_check_member_counts() cron job.
2023-3-22 20:52:23 - Starting rcp_mark_abandoned_payments() cron job.
2023-3-22 21:50:31 - Starting rcp_check_for_expired_users() cron job.
2023-3-22 21:50:31 - Starting rcp_check_for_soon_to_expire_users() cron job.
2023-3-23 21:24:22 - Starting rcp_check_member_counts() cron job.
2023-3-23 21:24:22 - Starting rcp_mark_abandoned_payments() cron job.
2023-3-23 22:01:03 - Starting rcp_check_for_expired_users() cron job.
2023-3-23 22:01:03 - Starting rcp_check_for_soon_to_expire_users() cron job.
2023-3-24 21:31:19 - Starting rcp_check_member_counts() cron job.
2023-3-24 21:31:19 - Starting rcp_mark_abandoned_payments() cron job.
2023-3-24 22:00:47 - Starting rcp_check_for_expired_users() cron job.
2023-3-24 22:00:47 - Starting rcp_check_for_soon_to_expire_users() cron job.
2023-3-25 21:08:17 - Starting rcp_check_member_counts() cron job.
2023-3-25 21:08:17 - Starting rcp_mark_abandoned_payments() cron job.
2023-3-26 01:28:07 - Starting rcp_check_for_expired_users() cron job.
2023-3-26 01:28:07 - Starting rcp_check_for_soon_to_expire_users() cron job.
2023-3-26 21:07:41 - Starting rcp_check_member_counts() cron job.
2023-3-26 21:07:41 - Starting rcp_mark_abandoned_payments() cron job.
2023-3-26 21:49:48 - Starting rcp_check_for_expired_users() cron job.
2023-3-26 21:49:48 - Starting rcp_check_for_expired_users() cron job.
2023-3-26 21:49:48 - Starting rcp_check_for_soon_to_expire_users() cron job.
2023-3-26 21:49:48 - Starting rcp_check_for_soon_to_expire_users() cron job.
2023-3-27 20:53:09 - Starting rcp_check_member_counts() cron job.
2023-3-27 20:53:09 - Starting rcp_mark_abandoned_payments() cron job.
2023-3-27 21:58:59 - Starting rcp_check_for_expired_users() cron job.
2023-3-27 21:58:59 - Starting rcp_check_for_soon_to_expire_users() cron job.
2023-3-28 20:56:27 - Starting rcp_check_member_counts() cron job.
2023-3-28 20:56:27 - Starting rcp_mark_abandoned_payments() cron job.
2023-3-28 22:26:21 - Starting rcp_check_for_expired_users() cron job.
2023-3-28 22:26:21 - Starting rcp_check_for_soon_to_expire_users() cron job.
2023-3-29 21:27:30 - Starting rcp_check_member_counts() cron job.
2023-3-29 21:27:30 - Starting rcp_mark_abandoned_payments() cron job.
2023-3-29 21:52:08 - Starting rcp_check_for_expired_users() cron job.
2023-3-29 21:52:08 - Starting rcp_check_for_soon_to_expire_users() cron job.
2023-3-30 21:11:17 - Starting rcp_check_member_counts() cron job.
2023-3-30 21:11:17 - Starting rcp_mark_abandoned_payments() cron job.
2023-3-30 21:52:30 - Starting rcp_check_for_expired_users() cron job.
2023-3-30 21:52:30 - Starting rcp_check_for_soon_to_expire_users() cron job.
2023-3-31 21:20:17 - Starting rcp_check_member_counts() cron job.
2023-3-31 21:20:17 - Starting rcp_mark_abandoned_payments() cron job.
2023-3-31 21:49:07 - Starting rcp_check_for_expired_users() cron job.
2023-3-31 21:49:07 - Starting rcp_check_for_soon_to_expire_users() cron job.
2023-4-01 20:55:48 - Starting rcp_check_member_counts() cron job.
2023-4-01 20:55:48 - Starting rcp_mark_abandoned_payments() cron job.
2023-4-01 22:20:31 - Starting rcp_check_for_expired_users() cron job.
2023-4-01 22:20:31 - Starting rcp_check_for_soon_to_expire_users() cron job.
2023-4-02 20:50:13 - Starting rcp_check_member_counts() cron job.
2023-4-02 20:50:14 - Starting rcp_mark_abandoned_payments() cron job.
2023-4-02 22:02:54 - Starting rcp_check_for_expired_users() cron job.
2023-4-02 22:02:54 - Starting rcp_check_for_soon_to_expire_users() cron job.
2023-4-03 21:20:00 - Starting rcp_check_member_counts() cron job.
2023-4-03 21:20:00 - Starting rcp_mark_abandoned_payments() cron job.
2023-4-03 21:52:57 - Starting rcp_check_for_expired_users() cron job.
2023-4-03 21:52:57 - Starting rcp_check_for_soon_to_expire_users() cron job.
2023-4-04 20:50:43 - Starting rcp_check_member_counts() cron job.
2023-4-04 20:50:43 - Starting rcp_mark_abandoned_payments() cron job.
2023-4-04 22:11:12 - Starting rcp_check_for_expired_users() cron job.
2023-4-04 22:11:12 - Starting rcp_check_for_soon_to_expire_users() cron job.
2023-4-05 20:54:24 - Starting rcp_check_member_counts() cron job.
2023-4-05 20:54:24 - Starting rcp_mark_abandoned_payments() cron job.
2023-4-06 01:51:25 - Starting rcp_check_for_expired_users() cron job.
2023-4-06 01:51:25 - Starting rcp_check_for_soon_to_expire_users() cron job.
2023-4-06 21:55:30 - Starting rcp_check_member_counts() cron job.
2023-4-06 21:55:30 - Starting rcp_mark_abandoned_payments() cron job.
2023-4-06 21:55:30 - Starting rcp_check_for_expired_users() cron job.
2023-4-06 21:55:30 - Starting rcp_check_for_soon_to_expire_users() cron job.
2023-4-07 21:26:16 - Starting rcp_check_member_counts() cron job.
2023-4-07 21:26:16 - Starting rcp_mark_abandoned_payments() cron job.
2023-4-07 22:16:26 - Starting rcp_check_for_expired_users() cron job.
2023-4-07 22:16:26 - Starting rcp_check_for_soon_to_expire_users() cron job.
2023-4-08 23:18:31 - Starting rcp_check_member_counts() cron job.
2023-4-08 23:18:31 - Starting rcp_mark_abandoned_payments() cron job.
2023-4-08 23:18:31 - Starting rcp_check_for_expired_users() cron job.
2023-4-08 23:18:31 - Starting rcp_check_for_soon_to_expire_users() cron job.
2023-4-09 21:13:32 - Starting rcp_check_member_counts() cron job.
2023-4-09 21:13:32 - Starting rcp_mark_abandoned_payments() cron job.
2023-4-10 02:01:07 - Starting rcp_check_for_expired_users() cron job.
2023-4-10 02:01:07 - Starting rcp_check_for_soon_to_expire_users() cron job.
2023-4-10 22:08:36 - Starting rcp_check_member_counts() cron job.
2023-4-10 22:08:36 - Starting rcp_mark_abandoned_payments() cron job.
2023-4-10 22:08:36 - Starting rcp_check_for_expired_users() cron job.
2023-4-10 22:08:36 - Starting rcp_check_for_soon_to_expire_users() cron job.
2023-4-11 21:33:01 - Starting rcp_check_member_counts() cron job.
2023-4-11 21:33:01 - Starting rcp_mark_abandoned_payments() cron job.
2023-4-12 02:05:59 - Starting rcp_check_for_expired_users() cron job.
2023-4-12 02:05:59 - Starting rcp_check_for_soon_to_expire_users() cron job.
2023-4-12 21:48:14 - Starting rcp_check_member_counts() cron job.
2023-4-12 21:48:14 - Starting rcp_mark_abandoned_payments() cron job.
2023-4-12 21:51:07 - Starting rcp_check_for_expired_users() cron job.
2023-4-12 21:51:07 - Starting rcp_check_for_soon_to_expire_users() cron job.
2023-4-13 21:28:52 - Starting rcp_check_member_counts() cron job.
2023-4-13 21:28:52 - Starting rcp_mark_abandoned_payments() cron job.
2023-4-14 00:26:42 - Starting rcp_check_for_expired_users() cron job.
2023-4-14 00:26:42 - Starting rcp_check_for_soon_to_expire_users() cron job.
2023-4-14 21:49:32 - Starting rcp_check_member_counts() cron job.
2023-4-14 21:49:32 - Starting rcp_mark_abandoned_payments() cron job.
2023-4-14 21:49:32 - Starting rcp_check_for_expired_users() cron job.
2023-4-14 21:49:32 - Starting rcp_check_for_soon_to_expire_users() cron job.
2023-4-15 20:54:10 - Starting rcp_check_member_counts() cron job.
2023-4-15 20:54:10 - Starting rcp_mark_abandoned_payments() cron job.
2023-4-15 21:51:38 - Starting rcp_check_for_expired_users() cron job.
2023-4-15 21:51:38 - Starting rcp_check_for_soon_to_expire_users() cron job.
2023-4-16 21:03:09 - Starting rcp_check_member_counts() cron job.
2023-4-16 21:03:09 - Starting rcp_mark_abandoned_payments() cron job.
2023-4-16 21:49:30 - Starting rcp_check_for_expired_users() cron job.
2023-4-16 21:49:30 - Starting rcp_check_for_soon_to_expire_users() cron job.
2023-4-17 20:54:44 - Starting rcp_check_member_counts() cron job.
2023-4-17 20:54:44 - Starting rcp_mark_abandoned_payments() cron job.
2023-4-17 21:49:30 - Starting rcp_check_for_expired_users() cron job.
2023-4-17 21:49:30 - Starting rcp_check_for_soon_to_expire_users() cron job.
2023-4-18 21:17:41 - Starting rcp_check_member_counts() cron job.
2023-4-18 21:17:41 - Starting rcp_mark_abandoned_payments() cron job.
2023-4-18 21:51:52 - Starting rcp_check_for_expired_users() cron job.
2023-4-18 21:51:52 - Starting rcp_check_for_soon_to_expire_users() cron job.
2023-4-19 21:16:54 - Starting rcp_check_member_counts() cron job.
2023-4-19 21:16:54 - Starting rcp_mark_abandoned_payments() cron job.
2023-4-19 21:57:45 - Starting rcp_check_for_expired_users() cron job.
2023-4-19 21:57:45 - Starting rcp_check_for_soon_to_expire_users() cron job.
2023-4-20 20:53:22 - Starting rcp_check_member_counts() cron job.
2023-4-20 20:53:22 - Starting rcp_mark_abandoned_payments() cron job.
2023-4-20 22:14:36 - Starting rcp_check_for_expired_users() cron job.
2023-4-20 22:14:36 - Starting rcp_check_for_soon_to_expire_users() cron job.
2023-4-21 21:20:49 - Starting rcp_check_member_counts() cron job.
2023-4-21 21:20:49 - Starting rcp_mark_abandoned_payments() cron job.
2023-4-22 01:55:19 - Starting rcp_check_for_expired_users() cron job.
2023-4-22 01:55:19 - Starting rcp_check_for_soon_to_expire_users() cron job.
2023-4-22 21:25:00 - Starting rcp_check_member_counts() cron job.
2023-4-22 21:25:00 - Starting rcp_mark_abandoned_payments() cron job.
2023-4-23 01:41:02 - Starting rcp_check_for_expired_users() cron job.
2023-4-23 01:41:02 - Starting rcp_check_for_soon_to_expire_users() cron job.
2023-4-23 23:07:10 - Starting rcp_check_member_counts() cron job.
2023-4-23 23:07:10 - Starting rcp_mark_abandoned_payments() cron job.
2023-4-23 23:07:10 - Starting rcp_check_for_expired_users() cron job.
2023-4-23 23:07:10 - Starting rcp_check_for_soon_to_expire_users() cron job.
2023-4-24 21:08:14 - Starting rcp_check_member_counts() cron job.
2023-4-24 21:08:14 - Starting rcp_mark_abandoned_payments() cron job.
2023-4-25 00:32:06 - Starting rcp_check_for_expired_users() cron job.
2023-4-25 00:32:06 - Starting rcp_check_for_soon_to_expire_users() cron job.
2023-4-25 21:29:41 - Starting rcp_check_member_counts() cron job.
2023-4-25 21:29:41 - Starting rcp_mark_abandoned_payments() cron job.
2023-4-25 21:58:54 - Starting rcp_check_for_expired_users() cron job.
2023-4-25 21:58:54 - Starting rcp_check_for_soon_to_expire_users() cron job.
2023-4-26 20:53:13 - Starting rcp_check_member_counts() cron job.
2023-4-26 20:53:13 - Starting rcp_mark_abandoned_payments() cron job.
2023-4-26 22:43:36 - Starting rcp_check_for_expired_users() cron job.
2023-4-26 22:43:36 - Starting rcp_check_for_soon_to_expire_users() cron job.
2023-4-28 00:09:44 - Starting rcp_check_member_counts() cron job.
2023-4-28 00:09:44 - Starting rcp_mark_abandoned_payments() cron job.
2023-4-28 00:09:44 - Starting rcp_check_for_expired_users() cron job.
2023-4-28 00:09:44 - Starting rcp_check_for_soon_to_expire_users() cron job.
2023-4-28 22:18:27 - Starting rcp_check_member_counts() cron job.
2023-4-28 22:18:27 - Exiting rcp_check_member_counts() - counts have already been added today.
2023-4-28 22:18:27 - Starting rcp_mark_abandoned_payments() cron job.
2023-4-28 22:18:27 - Starting rcp_check_for_expired_users() cron job.
2023-4-28 22:18:27 - Starting rcp_check_for_soon_to_expire_users() cron job.
2023-4-29 22:25:36 - Starting rcp_check_member_counts() cron job.
2023-4-29 22:25:36 - Starting rcp_mark_abandoned_payments() cron job.
2023-4-29 22:25:36 - Starting rcp_check_for_expired_users() cron job.
2023-4-29 22:25:36 - Starting rcp_check_for_soon_to_expire_users() cron job.
2023-4-30 21:12:44 - Starting rcp_check_member_counts() cron job.
2023-4-30 21:12:44 - Starting rcp_mark_abandoned_payments() cron job.
2023-4-30 22:43:22 - Starting rcp_check_for_expired_users() cron job.
2023-4-30 22:43:22 - Starting rcp_check_for_soon_to_expire_users() cron job.
2023-5-01 22:06:37 - Starting rcp_check_member_counts() cron job.
2023-5-01 22:06:37 - Starting rcp_mark_abandoned_payments() cron job.
2023-5-01 22:06:37 - Starting rcp_check_for_expired_users() cron job.
2023-5-01 22:06:37 - Starting rcp_check_for_soon_to_expire_users() cron job.
2023-5-02 22:51:58 - Starting rcp_check_member_counts() cron job.
2023-5-02 22:51:58 - Starting rcp_mark_abandoned_payments() cron job.
2023-5-02 22:51:58 - Starting rcp_check_for_expired_users() cron job.
2023-5-02 22:51:58 - Starting rcp_check_for_soon_to_expire_users() cron job.
2023-5-03 21:58:42 - Starting rcp_check_member_counts() cron job.
2023-5-03 21:58:42 - Starting rcp_mark_abandoned_payments() cron job.
2023-5-03 21:58:42 - Starting rcp_check_for_expired_users() cron job.
2023-5-03 21:58:42 - Starting rcp_check_for_soon_to_expire_users() cron job.
2023-5-04 22:00:39 - Starting rcp_check_member_counts() cron job.
2023-5-04 22:00:39 - Starting rcp_mark_abandoned_payments() cron job.
2023-5-04 22:00:39 - Starting rcp_check_for_expired_users() cron job.
2023-5-04 22:00:39 - Starting rcp_check_for_soon_to_expire_users() cron job.
2023-5-05 22:07:40 - Starting rcp_check_member_counts() cron job.
2023-5-05 22:07:40 - Starting rcp_mark_abandoned_payments() cron job.
2023-5-05 22:07:40 - Starting rcp_check_for_expired_users() cron job.
2023-5-05 22:07:40 - Starting rcp_check_for_soon_to_expire_users() cron job.
2023-5-06 22:01:46 - Starting rcp_check_member_counts() cron job.
2023-5-06 22:01:46 - Starting rcp_mark_abandoned_payments() cron job.
2023-5-06 22:01:46 - Starting rcp_check_for_expired_users() cron job.
2023-5-06 22:01:46 - Starting rcp_check_for_soon_to_expire_users() cron job.
2023-5-08 02:39:13 - Starting rcp_check_member_counts() cron job.
2023-5-08 02:39:13 - Starting rcp_mark_abandoned_payments() cron job.
2023-5-08 02:39:13 - Starting rcp_check_for_expired_users() cron job.
2023-5-08 02:39:13 - Starting rcp_check_for_soon_to_expire_users() cron job.
2023-5-08 21:34:19 - Starting rcp_check_member_counts() cron job.
2023-5-08 21:34:19 - Exiting rcp_check_member_counts() - counts have already been added today.
2023-5-08 21:34:19 - Starting rcp_mark_abandoned_payments() cron job.
2023-5-09 00:44:40 - Starting rcp_check_for_expired_users() cron job.
2023-5-09 00:44:40 - Starting rcp_check_for_soon_to_expire_users() cron job.
2023-5-09 21:25:08 - Starting rcp_check_member_counts() cron job.
2023-5-09 21:25:08 - Starting rcp_mark_abandoned_payments() cron job.
2023-5-09 21:49:28 - Starting rcp_check_for_expired_users() cron job.
2023-5-09 21:49:28 - Starting rcp_check_for_soon_to_expire_users() cron job.
2023-5-10 22:20:20 - Starting rcp_check_member_counts() cron job.
2023-5-10 22:20:20 - Starting rcp_mark_abandoned_payments() cron job.
2023-5-10 22:20:20 - Starting rcp_check_for_expired_users() cron job.
2023-5-10 22:20:20 - Starting rcp_check_for_soon_to_expire_users() cron job.
2023-5-11 21:44:20 - Starting rcp_check_member_counts() cron job.
2023-5-11 21:44:20 - Starting rcp_mark_abandoned_payments() cron job.
2023-5-11 22:54:14 - Starting rcp_check_for_expired_users() cron job.
2023-5-11 22:54:14 - Starting rcp_check_for_soon_to_expire_users() cron job.
2023-5-12 20:50:15 - Starting rcp_check_member_counts() cron job.
2023-5-12 20:50:15 - Starting rcp_mark_abandoned_payments() cron job.
2023-5-12 21:48:30 - Starting rcp_check_for_expired_users() cron job.
2023-5-12 21:48:30 - Starting rcp_check_for_soon_to_expire_users() cron job.
2023-5-13 23:26:40 - Starting rcp_check_member_counts() cron job.
2023-5-13 23:26:40 - Starting rcp_mark_abandoned_payments() cron job.
2023-5-13 23:26:40 - Starting rcp_check_for_expired_users() cron job.
2023-5-13 23:26:40 - Starting rcp_check_for_soon_to_expire_users() cron job.
2023-5-14 21:14:07 - Starting rcp_check_member_counts() cron job.
2023-5-14 21:14:07 - Starting rcp_mark_abandoned_payments() cron job.
2023-5-14 22:09:43 - Starting rcp_check_for_expired_users() cron job.
2023-5-14 22:09:43 - Starting rcp_check_for_soon_to_expire_users() cron job.
2023-5-16 00:18:15 - Starting rcp_check_member_counts() cron job.
2023-5-16 00:18:15 - Starting rcp_mark_abandoned_payments() cron job.
2023-5-16 00:18:15 - Starting rcp_check_for_expired_users() cron job.
2023-5-16 00:18:15 - Starting rcp_check_for_soon_to_expire_users() cron job.
2023-5-16 21:38:54 - Starting rcp_check_member_counts() cron job.
2023-5-16 21:38:54 - Exiting rcp_check_member_counts() - counts have already been added today.
2023-5-16 21:38:54 - Starting rcp_mark_abandoned_payments() cron job.
2023-5-16 22:42:00 - Starting rcp_check_for_expired_users() cron job.
2023-5-16 22:42:00 - Starting rcp_check_for_soon_to_expire_users() cron job.
2023-5-17 22:38:13 - Starting rcp_check_member_counts() cron job.
2023-5-17 22:38:14 - Starting rcp_mark_abandoned_payments() cron job.
2023-5-17 22:38:14 - Starting rcp_check_for_expired_users() cron job.
2023-5-17 22:38:14 - Starting rcp_check_for_soon_to_expire_users() cron job.
2023-5-19 00:30:07 - Starting rcp_check_member_counts() cron job.
2023-5-19 00:30:07 - Starting rcp_mark_abandoned_payments() cron job.
2023-5-19 00:30:07 - Starting rcp_check_for_expired_users() cron job.
2023-5-19 00:30:07 - Starting rcp_check_for_soon_to_expire_users() cron job.
2023-5-19 20:52:23 - Starting rcp_check_member_counts() cron job.
2023-5-19 20:52:23 - Exiting rcp_check_member_counts() - counts have already been added today.
2023-5-19 20:52:23 - Starting rcp_mark_abandoned_payments() cron job.
2023-5-19 22:08:57 - Starting rcp_check_for_expired_users() cron job.
2023-5-19 22:08:57 - Starting rcp_check_for_soon_to_expire_users() cron job.
2023-5-20 21:19:37 - Starting rcp_check_member_counts() cron job.
2023-5-20 21:19:37 - Starting rcp_mark_abandoned_payments() cron job.
2023-5-20 22:16:36 - Starting rcp_check_for_expired_users() cron job.
2023-5-20 22:16:36 - Starting rcp_check_for_soon_to_expire_users() cron job.
2023-5-21 20:50:15 - Starting rcp_check_member_counts() cron job.
2023-5-21 20:50:15 - Starting rcp_mark_abandoned_payments() cron job.
2023-5-21 21:48:30 - Starting rcp_check_for_expired_users() cron job.
2023-5-21 21:48:30 - Starting rcp_check_for_soon_to_expire_users() cron job.
2023-5-22 22:03:38 - Starting rcp_check_member_counts() cron job.
2023-5-22 22:03:38 - Starting rcp_mark_abandoned_payments() cron job.
2023-5-22 22:03:38 - Starting rcp_check_for_expired_users() cron job.
2023-5-22 22:03:38 - Starting rcp_check_for_soon_to_expire_users() cron job.
2023-5-23 21:13:15 - Starting rcp_check_member_counts() cron job.
2023-5-23 21:13:15 - Starting rcp_mark_abandoned_payments() cron job.
2023-5-23 22:15:46 - Starting rcp_check_for_expired_users() cron job.
2023-5-23 22:15:46 - Starting rcp_check_for_soon_to_expire_users() cron job.
2023-5-24 20:50:15 - Starting rcp_check_member_counts() cron job.
2023-5-24 20:50:15 - Starting rcp_mark_abandoned_payments() cron job.
2023-5-25 01:00:53 - Starting rcp_check_for_expired_users() cron job.
2023-5-25 01:00:53 - Starting rcp_check_for_soon_to_expire_users() cron job.
2023-5-25 22:11:41 - Starting rcp_check_member_counts() cron job.
2023-5-25 22:11:41 - Starting rcp_mark_abandoned_payments() cron job.
2023-5-25 22:11:41 - Starting rcp_check_for_expired_users() cron job.
2023-5-25 22:11:41 - Starting rcp_check_for_soon_to_expire_users() cron job.
2023-5-26 22:16:30 - Starting rcp_check_member_counts() cron job.
2023-5-26 22:16:30 - Starting rcp_mark_abandoned_payments() cron job.
2023-5-26 22:16:30 - Starting rcp_check_for_expired_users() cron job.
2023-5-26 22:16:30 - Starting rcp_check_for_soon_to_expire_users() cron job.
2023-5-27 22:31:40 - Starting rcp_check_member_counts() cron job.
2023-5-27 22:31:40 - Starting rcp_mark_abandoned_payments() cron job.
2023-5-27 22:31:40 - Starting rcp_check_for_expired_users() cron job.
2023-5-27 22:31:40 - Starting rcp_check_for_soon_to_expire_users() cron job.
2023-5-28 20:50:21 - Starting rcp_check_member_counts() cron job.
2023-5-28 20:50:21 - Starting rcp_mark_abandoned_payments() cron job.
2023-5-28 21:53:24 - Starting rcp_check_for_expired_users() cron job.
2023-5-28 21:53:24 - Starting rcp_check_for_soon_to_expire_users() cron job.
2023-5-30 01:34:24 - Starting rcp_check_member_counts() cron job.
2023-5-30 01:34:24 - Starting rcp_mark_abandoned_payments() cron job.
2023-5-30 01:34:24 - Starting rcp_check_for_expired_users() cron job.
2023-5-30 01:34:24 - Starting rcp_check_for_soon_to_expire_users() cron job.
2023-5-30 21:27:59 - Starting rcp_check_member_counts() cron job.
2023-5-30 21:27:59 - Exiting rcp_check_member_counts() - counts have already been added today.
2023-5-30 21:27:59 - Starting rcp_mark_abandoned_payments() cron job.
2023-5-31 00:59:01 - Starting rcp_check_for_expired_users() cron job.
2023-5-31 00:59:01 - Starting rcp_check_for_soon_to_expire_users() cron job.
2023-5-31 21:50:59 - Starting rcp_check_member_counts() cron job.
2023-5-31 21:50:59 - Starting rcp_mark_abandoned_payments() cron job.
2023-5-31 21:50:59 - Starting rcp_check_for_expired_users() cron job.
2023-5-31 21:50:59 - Starting rcp_check_for_soon_to_expire_users() cron job.
2023-6-01 23:58:29 - Starting rcp_check_member_counts() cron job.
2023-6-01 23:58:29 - Starting rcp_mark_abandoned_payments() cron job.
2023-6-01 23:58:29 - Starting rcp_check_for_expired_users() cron job.
2023-6-01 23:58:29 - Starting rcp_check_for_soon_to_expire_users() cron job.
2023-6-02 21:07:08 - Starting rcp_check_member_counts() cron job.
2023-6-02 21:07:08 - Starting rcp_mark_abandoned_payments() cron job.
2023-6-02 22:32:05 - Starting rcp_check_for_expired_users() cron job.
2023-6-02 22:32:05 - Starting rcp_check_for_soon_to_expire_users() cron job.
